[0.007s] Invoking command in '/home/anish/ros2_mycobot_ws/build/mycobot_moveit_config_new': /usr/bin/cmake --build /home/anish/ros2_mycobot_ws/build/mycobot_moveit_config_new -- -j16 -l16
[0.022s] -- Found ament_cmake: 1.3.11 (/opt/ros/humble/share/ament_cmake/cmake)
[0.134s] Error parsing '/home/anish/ros2_mycobot_ws/src/mycobot_moveit_config_new/package.xml':
[0.161s] Traceback (most recent call last):
[0.161s]   File "/opt/ros/humble/share/ament_cmake_core/cmake/core/package_xml_2_cmake.py", line 150, in <module>
[0.161s]     main()
[0.161s]   File "/opt/ros/humble/share/ament_cmake_core/cmake/core/package_xml_2_cmake.py", line 53, in main
[0.161s]     raise e
[0.162s]   File "/opt/ros/humble/share/ament_cmake_core/cmake/core/package_xml_2_cmake.py", line 49, in main
[0.162s]     package = parse_package_string(
[0.162s]   File "/usr/lib/python3/dist-packages/catkin_pkg/package.py", line 788, in parse_package_string
[0.162s]     pkg.validate(warnings=warnings)
[0.162s]   File "/usr/lib/python3/dist-packages/catkin_pkg/package.py", line 330, in validate
[0.162s]     raise InvalidPackage('\n'.join(errors), self.filename)
[0.162s] catkin_pkg.package.InvalidPackage: Error(s) in package '/home/anish/ros2_mycobot_ws/src/mycobot_moveit_config_new/package.xml':
[0.162s] Invalid email "" for person ""
[0.162s] Maintainers must have an email address
[0.162s] Invalid email "" for person ""
[0.171s] [31mCMake Error at /opt/ros/humble/share/ament_cmake_core/cmake/core/ament_package_xml.cmake:95 (message):
[0.171s]   execute_process(/usr/bin/python3
[0.171s]   /opt/ros/humble/share/ament_cmake_core/cmake/core/package_xml_2_cmake.py
[0.171s]   /home/anish/ros2_mycobot_ws/src/mycobot_moveit_config_new/package.xml
[0.171s]   /home/anish/ros2_mycobot_ws/build/mycobot_moveit_config_new/ament_cmake_core/package.cmake)
[0.171s]   returned error code 1
[0.171s] Call Stack (most recent call first):
[0.171s]   /opt/ros/humble/share/ament_cmake_core/cmake/core/ament_package_xml.cmake:49 (_ament_package_xml)
[0.171s]   /opt/ros/humble/share/ament_cmake_core/cmake/core/ament_package.cmake:63 (ament_package_xml)
[0.171s]   CMakeLists.txt:6 (ament_package)
[0.171s] 
[0.171s] [0m
[0.171s] -- Configuring incomplete, errors occurred!
[0.171s] See also "/home/anish/ros2_mycobot_ws/build/mycobot_moveit_config_new/CMakeFiles/CMakeOutput.log".
[0.173s] gmake: *** [Makefile:226: cmake_check_build_system] Error 1
[0.176s] Invoked command in '/home/anish/ros2_mycobot_ws/build/mycobot_moveit_config_new' returned '2': /usr/bin/cmake --build /home/anish/ros2_mycobot_ws/build/mycobot_moveit_config_new -- -j16 -l16
